<?xml version="1.0" encoding="UTF-8"?>
<!-- Generated by org.testng.reporters.JUnitXMLReporter -->
<testsuite ignored="3" hostname="LAPTOP-FN0IP21R" failures="0" tests="1" name="Test" time="14.334" errors="0" timestamp="2021-06-15T17:09:29 BST">
  <testcase classname="com.next.qa.testcases.HomePageTest" name="searchboxTest" time="3.951"/>
  <testcase classname="com.next.qa.testcases.HomePageTest" name="MyAccountLinkClickTest" time="0.0">
    <ignored/>
  </testcase> <!-- MyAccountLinkClickTest -->
  <testcase classname="com.next.qa.testcases.HomePageTest" name="Logotest" time="0.0">
    <ignored/>
  </testcase> <!-- Logotest -->
  <testcase classname="com.next.qa.testcases.HomePageTest" name="WomenmousehoverTest" time="0.0">
    <ignored/>
  </testcase> <!-- WomenmousehoverTest -->
</testsuite> <!-- Test -->
