<?xml version="1.0" encoding="UTF-8"?>
<!-- Generated by org.testng.reporters.JUnitXMLReporter -->
<testsuite ignored="0" hostname="LAPTOP-FN0IP21R" failures="0" tests="6" name="Test" time="129.669" errors="0" timestamp="2021-06-16T15:53:13 BST">
  <testcase classname="com.next.qa.testcases.HomePageTest" name="Logotest" time="0.169"/>
  <testcase classname="com.next.qa.testcases.HomePageTest" name="MyAccountLinkClickTest" time="6.493"/>
  <testcase classname="com.next.qa.testcases.HomePageTest" name="WomenmousehoverTest" time="4.02"/>
  <testcase classname="com.next.qa.testcases.HomePageTest" name="searchboxTest" time="5.667"/>
  <testcase classname="com.next.qa.testcases.LoginPageTest" name="RegisternowclickTest" time="12.055"/>
  <testcase classname="com.next.qa.testcases.LoginPageTest" name="loginTest" time="11.256"/>
</testsuite> <!-- Test -->
