<?xml version="1.0" encoding="UTF-8"?>
<testng-results ignored="3" total="4" passed="1" failed="0" skipped="0">
  <reporter-output>
  </reporter-output>
  <suite started-at="2021-06-15T17:09:14 BST" name="Suite" finished-at="2021-06-15T17:09:29 BST" duration-ms="14334">
    <groups>
    </groups>
    <test started-at="2021-06-15T17:09:14 BST" name="Test" finished-at="2021-06-15T17:09:29 BST" duration-ms="14334">
      <class name="com.next.qa.testcases.HomePageTest">
        <test-method is-config="true" signature="setup()[pri:0, instance:com.next.qa.testcases.HomePageTest@503d56b5]" started-at="2021-06-15T17:09:14 BST" name="setup" finished-at="2021-06-15T17:09:20 BST" duration-ms="5977" status="PASS">
          <reporter-output>
          </reporter-output>
        </test-method> <!-- setup -->
        <test-method signature="searchboxTest()[pri:0, instance:com.next.qa.testcases.HomePageTest@503d56b5]" started-at="2021-06-15T17:09:20 BST" name="searchboxTest" finished-at="2021-06-15T17:09:24 BST" duration-ms="3951" status="PASS">
          <reporter-output>
          </reporter-output>
        </test-method> <!-- searchboxTest -->
        <test-method is-config="true" signature="Teardown()[pri:0, instance:com.next.qa.testcases.HomePageTest@503d56b5]" started-at="2021-06-15T17:09:24 BST" name="Teardown" finished-at="2021-06-15T17:09:29 BST" duration-ms="4359" status="PASS">
          <reporter-output>
          </reporter-output>
        </test-method> <!-- Teardown -->
      </class> <!-- com.next.qa.testcases.HomePageTest -->
    </test> <!-- Test -->
  </suite> <!-- Suite -->
</testng-results>
